<?xml version="1.0" encoding="UTF-8"?>
<!-- Generated by org.testng.reporters.JUnitReportReporter -->
<testsuite hostname="DESKTOP-J5I9905" failures="0" tests="4" name="TestClasses.VerifyUserCanRemoveProductFromCart$VerifyUseCanBuyProduct" time="17.499" errors="0" timestamp="2022-06-04T10:52:24 PDT" skipped="0">
  <testcase classname="TestClasses.VerifyUserCanRemoveProductFromCart$VerifyUseCanBuyProduct" name="VerifyUserCanLogin" time="3.231"/>
  <system-out/>
  <testcase classname="TestClasses.VerifyUserCanRemoveProductFromCart$VerifyUseCanBuyProduct" name="VerifyUserCanSearchProduct" time="6.647"/>
  <system-out/>
  <testcase classname="TestClasses.VerifyUserCanRemoveProductFromCart$VerifyUseCanBuyProduct" name="VerifyUserCanSelectFirstProductGoToProductDetailPage" time="4.411"/>
  <system-out/>
  <testcase classname="TestClasses.VerifyUserCanRemoveProductFromCart$VerifyUseCanBuyProduct" name="VerifyUserCanRemoveProduct" time="3.210"/>
  <system-out/>
</testsuite> <!-- TestClasses.VerifyUserCanRemoveProductFromCart$VerifyUseCanBuyProduct -->
